make all --print-data-base --no-builtin-variables --no-builtin-rules --question
make: *** No rule to make target 'all'.  Stop.

# GNU Make 4.3
# Built for x86_64-pc-linux-gnu
# Copyright (C) 1988-2020 Free Software Foundation, Inc.
# License GPLv3+: GNU GPL version 3 or later <http://gnu.org/licenses/gpl.html>
# This is free software: you are free to change and redistribute it.
# There is NO WARRANTY, to the extent permitted by law.

# Make data base, printed on Sun Aug 14 19:38:00 2022

# Variables

# environment
JAVA_HOME = /home/rike/.sdkman/candidates/java/current
# environment
LC_ALL = C
# environment
SDKMAN_PLATFORM = linuxx64
# environment
PULSE_SERVER = /mnt/wslg/PulseServer
# environment
WSLENV = VSCODE_WSL_EXT_LOCATION/up
# environment
VSCODE_CWD = /mnt/c/Users/henri/AppData/Local/Programs/Microsoft VS Code
# environment
LESS_TERMCAP_me = [0m
# default
MAKE_COMMAND := make
# environment
VSCODE_HANDLES_SIGPIPE = true
# automatic
@D = $(patsubst %/,%,$(dir $@))
# environment
VSCODE_HANDLES_UNCAUGHT_ERRORS = true
# default
.VARIABLES := 
# environment
PWD = /home/rike/Projects/inception
# automatic
%D = $(patsubst %/,%,$(dir $%))
# environment
OLDPWD = /mnt/c/Users/henri/AppData/Local/Programs/Microsoft VS Code
# automatic
^D = $(patsubst %/,%,$(dir $^))
# automatic
%F = $(notdir $%)
# environment
VAULT_TOKEN = hvs.89kDUeZREwlpvJLhfqCdeXpD
# environment
LANG = C
# default
.LOADED := 
# environment
LESS_TERMCAP_md = [1;31m
# default
.INCLUDE_DIRS = /usr/include /usr/local/include /usr/include
# makefile
MAKEFLAGS = pqrR
# environment
LESS_TERMCAP_so = [7m
# makefile
CURDIR := /home/rike/Projects/inception
# environment
APPLICATION_INSIGHTS_NO_DIAGNOSTIC_CHANNEL = 1
# automatic
*D = $(patsubst %/,%,$(dir $*))
# environment
LESS_TERMCAP_ue = [0m
# environment
MFLAGS = -pqrR
# default
.SHELLFLAGS := -c
# environment
WAYLAND_DISPLAY = wayland-0
# automatic
+D = $(patsubst %/,%,$(dir $+))
# makefile (from 'Makefile', line 1)
MAKEFILE_LIST := Makefile
# environment
SCALACLI_HOME = /home/rike/.sdkman/candidates/scalacli/current
# automatic
@F = $(notdir $@)
# environment
SDKMAN_DIR = /home/rike/.sdkman
# automatic
?D = $(patsubst %/,%,$(dir $?))
# automatic
*F = $(notdir $*)
# environment
SDKMAN_VERSION = 5.15.0
# automatic
<D = $(patsubst %/,%,$(dir $<))
# environment
VSCODE_NLS_CONFIG = {"locale":"en","availableLanguages":{}}
# default
MAKE_HOST := x86_64-pc-linux-gnu
# makefile
SHELL = /bin/sh
# environment
LESS_TERMCAP_us = [1;32m
# default
MAKECMDGOALS := all
# environment
SHLVL = 2
# environment
MAKELEVEL := 0
# default
MAKE = $(MAKE_COMMAND)
# environment
PATH = /home/rike/.vscode-server/bin/6d9b74a70ca9c7733b29f0456fd8195364076dda/bin/remote-cli:/home/rike/.sdkman/candidates/scalacli/current/bin:/home/rike/.sdkman/candidates/scala/current/bin:/home/rike/.sdkman/candidates/maven/current/bin:/home/rike/.sdkman/candidates/java/current/bin:/home/rike/.sdkman/candidates/gradle/current/bin:/usr/local/sbin:/usr/local/bin:/usr/sbin:/usr/bin:/sbin:/bin:/usr/games:/usr/local/games:/usr/lib/wsl/lib:/mnt/c/Program Files (x86)/VMware/VMware Player/bin/:/mnt/c/Program Files/NVIDIA GPU Computing Toolkit/CUDA/v11.7/bin:/mnt/c/Program Files/NVIDIA GPU Computing Toolkit/CUDA/v11.7/libnvvp:/mnt/c/Windows/system32:/mnt/c/Windows:/mnt/c/Windows/System32/Wbem:/mnt/c/Windows/System32/WindowsPowerShell/v1.0/:/mnt/c/Windows/System32/OpenSSH/:/mnt/c/Program Files (x86)/NVIDIA Corporation/PhysX/Common:/mnt/c/Program Files/NVIDIA Corporation/NVIDIA NvDLISR:/mnt/c/Program Files/dotnet/:/mnt/c/Program Files/NVIDIA Corporation/Nsight Compute 2022.2.0/:/mnt/c/minikube:/mnt/c/Program Files/Calibre2/:/mnt/c/Program Files/Docker/Docker/resources/bin:/mnt/c/ProgramData/DockerDesktop/version-bin:/mnt/c/Users/henri/AppData/Local/Microsoft/WindowsApps:/mnt/c/Users/henri/AppData/Local/Programs/Microsoft VS Code/bin:/usr/bin/site_perl:/usr/bin/vendor_perl:/usr/bin/core_perl:/home/rike/.local/share/go/bin:/home/rike/.local/share/go:/home/rike/.local/bin
# environment
LESS_TERMCAP_se = [27m
# default
MAKEFILES := 
# automatic
^F = $(notdir $^)
# environment
LESS_TERMCAP_mb = [1;31m
# environment
SDKMAN_CANDIDATES_DIR = /home/rike/.sdkman/candidates
# environment
GRADLE_HOME = /home/rike/.sdkman/candidates/gradle/current
# automatic
?F = $(notdir $?)
# environment
NAME = nitro5
 
# environment
HOSTTYPE = x86_64
# environment
LS_COLORS = di=1;34:ln=35:so=32:pi=33:ex=31:bd=1;36:cd=1;33:su=30;41:sg=30;46:tw=30;42:ow=30;43
# automatic
+F = $(notdir $+)
# environment
WSL_INTEROP = /run/WSL/16254_interop
# environment
MAVEN_HOME = /home/rike/.sdkman/candidates/maven/current
# 'override' directive
GNUMAKEFLAGS := 
# environment
GREP_COLOR = 37;45
# environment
GREP_COLORS = mt=37;45
# environment
LOGNAME = rike
# environment
VSCODE_WSL_EXT_LOCATION = /mnt/c/Users/henri/.vscode/extensions/ms-vscode-remote.remote-wsl-0.66.3
# makefile
.DEFAULT_GOAL := folder
# environment
DISPLAY = :0
# environment
USER = rike
# default
MAKE_VERSION := 4.3
# environment
VAULT_ADDR = http://127.0.0.1:8200
# environment
DEBUGINFOD_URLS = https://debuginfod.archlinux.org
# environment
PAGER = less
# environment
_ = /usr/sbin/make
# environment
XDG_RUNTIME_DIR = /mnt/wslg/runtime-dir
# environment
VSCODE_IPC_HOOK_CLI = /mnt/wslg/runtime-dir/vscode-ipc-2de956bc-b4bb-4ab7-85c3-ee527bc87114.sock
# environment
VSCODE_AMD_ENTRYPOINT = vs/workbench/api/node/extensionHostProcess
# environment
SDKMAN_CANDIDATES_API = https://api.sdkman.io/2
# environment
HOME = /home/rike
# environment
ELECTRON_RUN_AS_NODE = 1
# environment
TERM = xterm-256color
# default
.RECIPEPREFIX := 
# automatic
<F = $(notdir $<)
# default
SUFFIXES := 
# environment
KEYTIMEOUT = 1
# environment
WSL_DISTRO_NAME = Arch
# default
.FEATURES := target-specific order-only second-expansion else-if shortest-stem undefine oneshell nocomment grouped-target extra-prereqs archives jobserver output-sync check-symlink guile load
# environment
SCALA_HOME = /home/rike/.sdkman/candidates/scala/current
# variable set hash-table stats:
# Load=89/1024=9%, Rehash=0, Collisions=7/119=6%

# Pattern-specific Variable Values

# No pattern-specific variable values.

# Directories

# . (device 2080, inode 247955): 6 files, no impossibilities.

# 6 files, no impossibilities in 1 directories.

# Implicit Rules

# No implicit rules.

# Files

start: build_front
#  Implicit rule search has not been done.
#  Modification time never checked.
#  File has not been updated.
#  recipe to execute (from 'Makefile', line 22):
	cd front-end && ./${FRONT_END_BINARY} &

up_build: build_broker
#  Implicit rule search has not been done.
#  Modification time never checked.
#  File has not been updated.
#  recipe to execute (from 'Makefile', line 9):
	docker-compose down
	docker-compose up --build -d

kill: stop down
 
#  Implicit rule search has not been done.
#  Modification time never checked.
#  File has not been updated.

# Not a target:
Makefile:
#  Implicit rule search has been done.
#  Last modified 2022-08-13 18:54:54.276580715
#  File has been updated.
#  Successfully updated.

up: folder
#  Implicit rule search has not been done.
#  Modification time never checked.
#  File has not been updated.
#  recipe to execute (from 'Makefile', line 6):
	cd srcs && docker-compose up -d

build_front:
#  Implicit rule search has not been done.
#  Modification time never checked.
#  File has not been updated.
#  recipe to execute (from 'Makefile', line 19):
	cd front-end && env CGO_ENABLED=0 go build -o ${FRONT_END_BINARY} ./cmd/web

stop:
#  Implicit rule search has not been done.
#  Modification time never checked.
#  File has not been updated.
#  recipe to execute (from 'Makefile', line 25):
	pkill -SIGTERM -f "./${FRONT_END_BINARY}"

folder:
#  Implicit rule search has not been done.
#  Modification time never checked.
#  File has not been updated.
#  recipe to execute (from 'Makefile', line 3):
	sudo mkdir -p /home/hde-oliv/data

# Not a target:
.DEFAULT:
#  Implicit rule search has not been done.
#  Modification time never checked.
#  File has not been updated.

# Not a target:
all:
#  Command line target.
#  Implicit rule search has been done.
#  File does not exist.
#  File has not been updated.

build_broker:
#  Implicit rule search has not been done.
#  Modification time never checked.
#  File has not been updated.
#  recipe to execute (from 'Makefile', line 16):
	cd broker-service && env GOOS=linux CGO_ENABLED=0 go build -o ${BROKER_BINARY} ./cmd/api

down:
#  Implicit rule search has not been done.
#  Modification time never checked.
#  File has not been updated.
#  recipe to execute (from 'Makefile', line 13):
	docker-compose down

# files hash-table stats:
# Load=13/1024=1%, Rehash=0, Collisions=0/29=0%
# VPATH Search Paths

# No 'vpath' search paths.

# No general ('VPATH' variable) search path.

# strcache buffers: 1 (0) / strings = 20 / storage = 152 B / avg = 7 B
# current buf: size = 8162 B / used = 152 B / count = 20 / avg = 7 B

# strcache performance: lookups = 38 / hit rate = 47%
# hash-table stats:
# Load=20/8192=0%, Rehash=0, Collisions=0/38=0%
# Finished Make data base on Sun Aug 14 19:38:00 2022

 
